<?xml version="1.0" encoding="UTF-8"?>
<testng-results ignored="0" total="1" passed="0" failed="1" skipped="0">
  <reporter-output>
  </reporter-output>
  <suite started-at="2022-02-10T11:40:53 IST" name="Suite" finished-at="2022-02-10T11:41:11 IST" duration-ms="17863">
    <groups>
    </groups>
    <test started-at="2022-02-10T11:40:53 IST" name="Test" finished-at="2022-02-10T11:41:11 IST" duration-ms="17863">
      <class name="TestPack.KiteLoginPageVerification">
        <test-method is-config="true" signature="launchBrowser(java.lang.String)[pri:0, instance:TestPack.KiteLoginPageVerification@70e8f8e]" started-at="2022-02-10T11:40:53 IST" name="launchBrowser" finished-at="2022-02-10T11:41:04 IST" duration-ms="10909" status="PASS">
          <params>
            <param index="0">
              <value>
                <![CDATA[Chrome]]>
              </value>
            </param>
          </params>
          <reporter-output>
          </reporter-output>
        </test-method> <!-- launchBrowser -->
        <test-method is-config="true" signature="createObjectOfPOMPack()[pri:0, instance:TestPack.KiteLoginPageVerification@70e8f8e]" started-at="2022-02-10T11:41:04 IST" name="createObjectOfPOMPack" finished-at="2022-02-10T11:41:04 IST" duration-ms="53" status="PASS">
          <reporter-output>
          </reporter-output>
        </test-method> <!-- createObjectOfPOMPack -->
        <test-method signature="loginPageVerification()[pri:0, instance:TestPack.KiteLoginPageVerification@70e8f8e]" started-at="2022-02-10T11:41:04 IST" name="loginPageVerification" finished-at="2022-02-10T11:41:07 IST" duration-ms="3340" status="FAIL">
          <exception class="java.lang.AssertionError">
            <message>
              <![CDATA[expected [https://kite.zero.com/] but found [https://kite.zerodha.com/]]]>
            </message>
            <full-stacktrace>
              <![CDATA[java.lang.AssertionError: expected [https://kite.zero.com/] but found [https://kite.zerodha.com/]
at org.testng.Assert.fail(Assert.java:99)
at org.testng.Assert.failNotEquals(Assert.java:1037)
at org.testng.Assert.assertEqualsImpl(Assert.java:140)
at org.testng.Assert.assertEquals(Assert.java:122)
at org.testng.Assert.assertEquals(Assert.java:629)
at org.testng.Assert.assertEquals(Assert.java:639)
at TestPack.KiteLoginPageVerification.loginPageVerification(KiteLoginPageVerification.java:56)
at java.base/jdk.internal.reflect.NativeMethodAccessorImpl.invoke0(Native Method)
at java.base/jdk.internal.reflect.NativeMethodAccessorImpl.invoke(NativeMethodAccessorImpl.java:78)
at java.base/jdk.internal.reflect.DelegatingMethodAccessorImpl.invoke(DelegatingMethodAccessorImpl.java:43)
at java.base/java.lang.reflect.Method.invoke(Method.java:567)
at org.testng.internal.MethodInvocationHelper.invokeMethod(MethodInvocationHelper.java:133)
at org.testng.internal.TestInvoker.invokeMethod(TestInvoker.java:598)
at org.testng.internal.TestInvoker.invokeTestMethod(TestInvoker.java:173)
at org.testng.internal.MethodRunner.runInSequence(MethodRunner.java:46)
at org.testng.internal.TestInvoker$MethodInvocationAgent.invoke(TestInvoker.java:824)
at org.testng.internal.TestInvoker.invokeTestMethods(TestInvoker.java:146)
at org.testng.internal.TestMethodWorker.invokeTestMethods(TestMethodWorker.java:146)
at org.testng.internal.TestMethodWorker.run(TestMethodWorker.java:128)
at java.base/java.util.ArrayList.forEach(ArrayList.java:1511)
at org.testng.TestRunner.privateRun(TestRunner.java:794)
at org.testng.TestRunner.run(TestRunner.java:596)
at org.testng.SuiteRunner.runTest(SuiteRunner.java:377)
at org.testng.SuiteRunner.runSequentially(SuiteRunner.java:371)
at org.testng.SuiteRunner.privateRun(SuiteRunner.java:332)
at org.testng.SuiteRunner.run(SuiteRunner.java:276)
at org.testng.SuiteRunnerWorker.runSuite(SuiteRunnerWorker.java:53)
at org.testng.SuiteRunnerWorker.run(SuiteRunnerWorker.java:96)
at org.testng.TestNG.runSuitesSequentially(TestNG.java:1212)
at org.testng.TestNG.runSuitesLocally(TestNG.java:1134)
at org.testng.TestNG.runSuites(TestNG.java:1063)
at org.testng.TestNG.run(TestNG.java:1031)
at org.testng.remote.AbstractRemoteTestNG.run(AbstractRemoteTestNG.java:115)
at org.testng.remote.RemoteTestNG.initAndRun(RemoteTestNG.java:251)
at org.testng.remote.RemoteTestNG.main(RemoteTestNG.java:77)
]]>
            </full-stacktrace>
          </exception> <!-- java.lang.AssertionError -->
          <reporter-output>
          </reporter-output>
        </test-method> <!-- loginPageVerification -->
        <test-method is-config="true" signature="logoutKiteApplication()[pri:0, instance:TestPack.KiteLoginPageVerification@70e8f8e]" started-at="2022-02-10T11:41:07 IST" name="logoutKiteApplication" finished-at="2022-02-10T11:41:11 IST" duration-ms="3416" status="PASS">
          <reporter-output>
          </reporter-output>
        </test-method> <!-- logoutKiteApplication -->
        <test-method is-config="true" signature="clearPOMObjects()[pri:0, instance:TestPack.KiteLoginPageVerification@70e8f8e]" started-at="2022-02-10T11:41:11 IST" name="clearPOMObjects" finished-at="2022-02-10T11:41:11 IST" duration-ms="1" status="PASS">
          <reporter-output>
          </reporter-output>
        </test-method> <!-- clearPOMObjects -->
        <test-method is-config="true" signature="closeBrowser()[pri:0, instance:TestPack.KiteLoginPageVerification@70e8f8e]" started-at="2022-02-10T11:41:11 IST" name="closeBrowser" finished-at="2022-02-10T11:41:11 IST" duration-ms="90" status="PASS">
          <reporter-output>
          </reporter-output>
        </test-method> <!-- closeBrowser -->
      </class> <!-- TestPack.KiteLoginPageVerification -->
    </test> <!-- Test -->
  </suite> <!-- Suite -->
</testng-results>
